<?xml version="1.0" encoding="UTF-8"?>
<!-- Generated by org.testng.reporters.JUnitXMLReporter -->
<testsuite ignored="0" hostname="JKL029" failures="0" tests="1" name="JKL Assets Managemant" time="3.664" errors="0" timestamp="2024-06-27T17:27:36 IST">
  <testcase classname="com.leonardoAI.testCases.BaseClass" name="@AfterTest Logout" time="0.001">
    <failure type="java.lang.NullPointerException" message="Cannot invoke &amp;quot;com.leonardoAI.pageObject.PO_HomePage.UserLogout()&amp;quot; because &amp;quot;this.hp&amp;quot; is null">
      <![CDATA[java.lang.NullPointerException: Cannot invoke "com.leonardoAI.pageObject.PO_HomePage.UserLogout()" because "this.hp" is null
at com.leonardoAI.testCases.BaseClass.Logout(BaseClass.java:160)
... Removed 22 stack frames]]>
    </failure>
  </testcase> <!-- @AfterTest Logout -->
  <testcase classname="com.leonardoAI.testCases.BaseClass" name="@AfterTest Teardown" time="-1.719489456809E9">
    <skipped/>
  </testcase> <!-- @AfterTest Teardown -->
  <testcase classname="com.leonardoAI.testCases.TC_Home" name="test_HomePageElement" time="0.107"/>
</testsuite> <!-- JKL Assets Managemant -->
