<?xml version="1.0" encoding="UTF-8"?>
<!-- Generated by org.testng.reporters.JUnitXMLReporter -->
<testsuite ignored="0" hostname="JKL029" failures="0" tests="1" name="JKL Assets Managemant" time="9.486" errors="0" timestamp="2024-06-14T11:52:05 IST">
  <testcase classname="com.leonardoAI.testCases.BaseClass" name="@BeforeClass Login" time="4.576">
    <failure type="java.lang.AssertionError" message="The following asserts failed:
	expected [To check the login] but found [false]">
      <![CDATA[java.lang.AssertionError: The following asserts failed:
expected [To check the login] but found [false]
at com.leonardoAI.pageObject.PO_LoginPage.Login(PO_LoginPage.java:217)
at com.leonardoAI.testCases.BaseClass.Login(BaseClass.java:100)
at java.base/java.util.ArrayList.forEach(ArrayList.java:1511)
... Removed 25 stack frames]]>
    </failure>
  </testcase> <!-- @BeforeClass Login -->
  <testcase classname="com.leonardoAI.testCases.BaseClass" name="@AfterTest Logout" time="0.004">
    <failure type="java.lang.NullPointerException" message="Cannot invoke &amp;quot;com.leonardoAI.pageObject.PO_HomePage.UserLogout()&amp;quot; because &amp;quot;this.hp&amp;quot; is null">
      <![CDATA[java.lang.NullPointerException: Cannot invoke "com.leonardoAI.pageObject.PO_HomePage.UserLogout()" because "this.hp" is null
at com.leonardoAI.testCases.BaseClass.Logout(BaseClass.java:109)
... Removed 22 stack frames]]>
    </failure>
  </testcase> <!-- @AfterTest Logout -->
  <testcase classname="com.leonardoAI.testCases.BaseClass" name="@AfterTest Teardown" time="-1.718346125816E9">
    <skipped/>
  </testcase> <!-- @AfterTest Teardown -->
  <testcase classname="com.leonardoAI.testCases.TC_Home" name="test_HomePageElement" time="0.0">
    <skipped/>
  </testcase> <!-- test_HomePageElement -->
</testsuite> <!-- JKL Assets Managemant -->
