<?xml version="1.0" encoding="UTF-8"?>
<testng-results ignored="0" total="1" passed="1" failed="0" skipped="0">
  <reporter-output>
  </reporter-output>
  <suite started-at="2024-06-27T17:27:33 IST" name="Suite" finished-at="2024-06-27T17:27:36 IST" duration-ms="3664">
    <groups>
    </groups>
    <test started-at="2024-06-27T17:27:33 IST" name="JKL Assets Managemant" finished-at="2024-06-27T17:27:36 IST" duration-ms="3664">
      <class name="com.leonardoAI.testCases.TC_Home">
        <test-method is-config="true" signature="browserSettingAndLoginLogout(org.testng.ITestContext)[pri:0, instance:com.leonardoAI.testCases.TC_Home@42e3ede4]" started-at="2024-06-27T17:27:33 IST" name="browserSettingAndLoginLogout" finished-at="2024-06-27T17:27:33 IST" duration-ms="30" status="PASS">
          <params>
            <param index="0">
              <value>
                <![CDATA[org.testng.TestRunner@604d23fa]]>
              </value>
            </param>
          </params>
          <reporter-output>
          </reporter-output>
        </test-method> <!-- browserSettingAndLoginLogout -->
        <test-method is-config="true" signature="Setup(java.lang.String)[pri:0, instance:com.leonardoAI.testCases.TC_Home@42e3ede4]" started-at="2024-06-27T17:27:33 IST" name="Setup" finished-at="2024-06-27T17:27:36 IST" depends-on-methods="com.leonardoAI.testCases.BaseClass.browserSettingAndLoginLogout" duration-ms="3156" status="PASS">
          <params>
            <param index="0">
              <value>
                <![CDATA[chrome]]>
              </value>
            </param>
          </params>
          <reporter-output>
          </reporter-output>
        </test-method> <!-- Setup -->
        <test-method is-config="true" signature="Login(java.lang.String)[pri:0, instance:com.leonardoAI.testCases.TC_Home@42e3ede4]" started-at="2024-06-27T17:27:36 IST" name="Login" finished-at="2024-06-27T17:27:36 IST" duration-ms="0" status="PASS">
          <params>
            <param index="0">
              <value>
                <![CDATA[user]]>
              </value>
            </param>
          </params>
          <reporter-output>
          </reporter-output>
        </test-method> <!-- Login -->
        <test-method signature="test_HomePageElement()[pri:1, instance:com.leonardoAI.testCases.TC_Home@42e3ede4]" started-at="2024-06-27T17:27:36 IST" name="test_HomePageElement" finished-at="2024-06-27T17:27:36 IST" duration-ms="107" status="PASS">
          <reporter-output>
          </reporter-output>
        </test-method> <!-- test_HomePageElement -->
        <test-method is-config="true" signature="Logout(java.lang.String)[pri:0, instance:com.leonardoAI.testCases.TC_Home@42e3ede4]" started-at="2024-06-27T17:27:36 IST" name="Logout" finished-at="2024-06-27T17:27:36 IST" duration-ms="1" status="FAIL">
          <params>
            <param index="0">
              <value>
                <![CDATA[user]]>
              </value>
            </param>
          </params>
          <exception class="java.lang.NullPointerException">
            <message>
              <![CDATA[Cannot invoke "com.leonardoAI.pageObject.PO_HomePage.UserLogout()" because "this.hp" is null]]>
            </message>
            <full-stacktrace>
              <![CDATA[java.lang.NullPointerException: Cannot invoke "com.leonardoAI.pageObject.PO_HomePage.UserLogout()" because "this.hp" is null
at com.leonardoAI.testCases.BaseClass.Logout(BaseClass.java:160)
at java.base/jdk.internal.reflect.DirectMethodHandleAccessor.invoke(DirectMethodHandleAccessor.java:104)
at java.base/java.lang.reflect.Method.invoke(Method.java:577)
at org.testng.internal.MethodInvocationHelper.invokeMethod(MethodInvocationHelper.java:133)
at org.testng.internal.MethodInvocationHelper.invokeMethodConsideringTimeout(MethodInvocationHelper.java:62)
at org.testng.internal.ConfigInvoker.invokeConfigurationMethod(ConfigInvoker.java:385)
at org.testng.internal.ConfigInvoker.invokeConfigurations(ConfigInvoker.java:321)
at org.testng.TestRunner.invokeTestConfigurations(TestRunner.java:637)
at org.testng.TestRunner.afterRun(TestRunner.java:877)
at org.testng.TestRunner.run(TestRunner.java:599)
at org.testng.SuiteRunner.runTest(SuiteRunner.java:377)
at org.testng.SuiteRunner.runSequentially(SuiteRunner.java:371)
at org.testng.SuiteRunner.privateRun(SuiteRunner.java:332)
at org.testng.SuiteRunner.run(SuiteRunner.java:276)
at org.testng.SuiteRunnerWorker.runSuite(SuiteRunnerWorker.java:53)
at org.testng.SuiteRunnerWorker.run(SuiteRunnerWorker.java:96)
at org.testng.TestNG.runSuitesSequentially(TestNG.java:1212)
at org.testng.TestNG.runSuitesLocally(TestNG.java:1134)
at org.testng.TestNG.runSuites(TestNG.java:1063)
at org.testng.TestNG.run(TestNG.java:1031)
at org.testng.remote.AbstractRemoteTestNG.run(AbstractRemoteTestNG.java:115)
at org.testng.remote.RemoteTestNG.initAndRun(RemoteTestNG.java:251)
at org.testng.remote.RemoteTestNG.main(RemoteTestNG.java:77)
]]>
            </full-stacktrace>
          </exception> <!-- java.lang.NullPointerException -->
          <reporter-output>
          </reporter-output>
        </test-method> <!-- Logout -->
        <test-method is-config="true" signature="Teardown()[pri:0, instance:com.leonardoAI.testCases.TC_Home@42e3ede4]" started-at="2024-06-27T17:27:36 IST" name="Teardown" finished-at="1970-01-01T05:30:00 IST" depends-on-methods="com.leonardoAI.testCases.BaseClass.Logout" duration-ms="-1719489456809" status="SKIP">
          <reporter-output>
          </reporter-output>
        </test-method> <!-- Teardown -->
      </class> <!-- com.leonardoAI.testCases.TC_Home -->
    </test> <!-- JKL Assets Managemant -->
  </suite> <!-- Suite -->
</testng-results>
