<?xml version="1.0" encoding="UTF-8"?>
<testng-results ignored="0" total="1" passed="1" failed="0" skipped="0">
  <reporter-output>
  </reporter-output>
  <suite started-at="2024-06-25T13:21:38 IST" name="Suite" finished-at="2024-06-25T13:22:06 IST" duration-ms="28481">
    <groups>
    </groups>
    <test started-at="2024-06-25T13:21:38 IST" name="JKL Assets Managemant" finished-at="2024-06-25T13:22:06 IST" duration-ms="28481">
      <class name="com.leonardoAI.testCases.TC_Home">
        <test-method is-config="true" signature="Setup(java.lang.String)[pri:0, instance:com.leonardoAI.testCases.TC_Home@2fc0cc3]" started-at="2024-06-25T13:21:38 IST" name="Setup" finished-at="2024-06-25T13:21:42 IST" duration-ms="4482" status="PASS">
          <params>
            <param index="0">
              <value>
                <![CDATA[chrome]]>
              </value>
            </param>
          </params>
          <reporter-output>
          </reporter-output>
        </test-method> <!-- Setup -->
        <test-method is-config="true" signature="Login(java.lang.String)[pri:0, instance:com.leonardoAI.testCases.TC_Home@2fc0cc3]" started-at="2024-06-25T13:21:42 IST" name="Login" finished-at="2024-06-25T13:22:00 IST" duration-ms="17273" status="PASS">
          <params>
            <param index="0">
              <value>
                <![CDATA[user]]>
              </value>
            </param>
          </params>
          <reporter-output>
          </reporter-output>
        </test-method> <!-- Login -->
        <test-method signature="test_HomePageElement()[pri:1, instance:com.leonardoAI.testCases.TC_Home@2fc0cc3]" started-at="2024-06-25T13:22:00 IST" name="test_HomePageElement" finished-at="2024-06-25T13:22:00 IST" duration-ms="7" status="PASS">
          <reporter-output>
          </reporter-output>
        </test-method> <!-- test_HomePageElement -->
        <test-method is-config="true" signature="Logout(java.lang.String)[pri:0, instance:com.leonardoAI.testCases.TC_Home@2fc0cc3]" started-at="2024-06-25T13:22:00 IST" name="Logout" finished-at="2024-06-25T13:22:06 IST" duration-ms="6222" status="PASS">
          <params>
            <param index="0">
              <value>
                <![CDATA[user]]>
              </value>
            </param>
          </params>
          <reporter-output>
          </reporter-output>
        </test-method> <!-- Logout -->
        <test-method is-config="true" signature="Teardown()[pri:0, instance:com.leonardoAI.testCases.TC_Home@2fc0cc3]" started-at="2024-06-25T13:22:06 IST" name="Teardown" finished-at="2024-06-25T13:22:06 IST" depends-on-methods="com.leonardoAI.testCases.BaseClass.Logout" duration-ms="87" status="PASS">
          <reporter-output>
          </reporter-output>
        </test-method> <!-- Teardown -->
      </class> <!-- com.leonardoAI.testCases.TC_Home -->
    </test> <!-- JKL Assets Managemant -->
  </suite> <!-- Suite -->
</testng-results>
